0 info it worked if it ends with ok
1 verbose cli [ '/home/miranext/.nvm/v0.10.33/bin/node',
1 verbose cli   '/home/miranext/.nvm/v0.10.33/bin/npm',
1 verbose cli   'install',
1 verbose cli   'jsx-tools',
1 verbose cli   '-g' ]
2 info using npm@1.4.28
3 info using node@v0.10.33
4 verbose cache add [ 'jsx-tools', null ]
5 verbose cache add name=undefined spec="jsx-tools" args=["jsx-tools",null]
6 verbose parsed url { protocol: null,
6 verbose parsed url   slashes: null,
6 verbose parsed url   auth: null,
6 verbose parsed url   host: null,
6 verbose parsed url   port: null,
6 verbose parsed url   hostname: null,
6 verbose parsed url   hash: null,
6 verbose parsed url   search: null,
6 verbose parsed url   query: null,
6 verbose parsed url   pathname: 'jsx-tools',
6 verbose parsed url   path: 'jsx-tools',
6 verbose parsed url   href: 'jsx-tools' }
7 silly lockFile 39f14279-jsx-tools jsx-tools
8 verbose lock jsx-tools /home/miranext/.npm/39f14279-jsx-tools.lock
9 silly lockFile 39f14279-jsx-tools jsx-tools
10 silly lockFile 39f14279-jsx-tools jsx-tools
11 verbose addNamed [ 'jsx-tools', '' ]
12 verbose addNamed [ null, '*' ]
13 silly lockFile e0e699dc-jsx-tools jsx-tools@
14 verbose lock jsx-tools@ /home/miranext/.npm/e0e699dc-jsx-tools.lock
15 silly addNameRange { name: 'jsx-tools', range: '*', hasData: false }
16 verbose request where is /jsx-tools
17 verbose request registry https://registry.npmjs.org/
18 verbose request id 36d18350667f0dae
19 verbose url raw /jsx-tools
20 verbose url resolving [ 'https://registry.npmjs.org/', './jsx-tools' ]
21 verbose url resolved https://registry.npmjs.org/jsx-tools
22 verbose request where is https://registry.npmjs.org/jsx-tools
23 info trying registry request attempt 1 at 01:29:08
24 http GET https://registry.npmjs.org/jsx-tools
25 http 404 https://registry.npmjs.org/jsx-tools
26 verbose headers { date: 'Tue, 06 Jan 2015 17:29:12 GMT',
26 verbose headers   server: 'CouchDB/1.5.0 (Erlang OTP/R16B03)',
26 verbose headers   'content-type': 'application/json',
26 verbose headers   'cache-control': 'max-age=0',
26 verbose headers   'content-length': '52',
26 verbose headers   'accept-ranges': 'bytes',
26 verbose headers   via: '1.1 varnish',
26 verbose headers   age: '0',
26 verbose headers   'x-served-by': 'cache-hk91-HKG',
26 verbose headers   'x-cache': 'MISS',
26 verbose headers   'x-cache-hits': '0',
26 verbose headers   'x-timer': 'S1420565352.386845,VS0,VE237',
26 verbose headers   'keep-alive': 'timeout=10, max=50',
26 verbose headers   connection: 'Keep-Alive' }
27 silly registry.get cb [ 404,
27 silly registry.get   { date: 'Tue, 06 Jan 2015 17:29:12 GMT',
27 silly registry.get     server: 'CouchDB/1.5.0 (Erlang OTP/R16B03)',
27 silly registry.get     'content-type': 'application/json',
27 silly registry.get     'cache-control': 'max-age=0',
27 silly registry.get     'content-length': '52',
27 silly registry.get     'accept-ranges': 'bytes',
27 silly registry.get     via: '1.1 varnish',
27 silly registry.get     age: '0',
27 silly registry.get     'x-served-by': 'cache-hk91-HKG',
27 silly registry.get     'x-cache': 'MISS',
27 silly registry.get     'x-cache-hits': '0',
27 silly registry.get     'x-timer': 'S1420565352.386845,VS0,VE237',
27 silly registry.get     'keep-alive': 'timeout=10, max=50',
27 silly registry.get     connection: 'Keep-Alive' } ]
28 silly lockFile e0e699dc-jsx-tools jsx-tools@
29 silly lockFile e0e699dc-jsx-tools jsx-tools@
30 error 404 404 Not Found: jsx-tools
30 error 404
30 error 404 'jsx-tools' is not in the npm registry.
30 error 404 You should bug the author to publish it
30 error 404
30 error 404 Note that you can also install from a
30 error 404 tarball, folder, or http url, or git url.
31 error System Linux 3.13.0-43-generic
32 error command "/home/miranext/.nvm/v0.10.33/bin/node" "/home/miranext/.nvm/v0.10.33/bin/npm" "install" "jsx-tools" "-g"
33 error cwd /home/miranext/dev/github/dashboard-sidenav
34 error node -v v0.10.33
35 error npm -v 1.4.28
36 error code E404
37 verbose exit [ 1, true ]
